<?xml version="1.0" encoding="utf-8"?><testsuites name="pytest tests"><testsuite name="pytest" errors="0" failures="0" skipped="0" tests="17" time="3.366" timestamp="2026-03-11T06:36:04.366426+00:00" hostname="agent-env-1d324d40-d4a1-40aa-a1df-948b6c8e9466"><testcase classname="backend.tests.test_admin_panel_iteration8.TestStatsCRUD" name="test_get_stats" time="0.240" /><testcase classname="backend.tests.test_admin_panel_iteration8.TestStatsCRUD" name="test_create_stat" time="0.115" /><testcase classname="backend.tests.test_admin_panel_iteration8.TestStatsCRUD" name="test_update_stat" time="0.360" /><testcase classname="backend.tests.test_admin_panel_iteration8.TestStatsCRUD" name="test_delete_stat" time="0.341" /><testcase classname="backend.tests.test_admin_panel_iteration8.TestStatsCRUD" name="test_delete_nonexistent_stat" time="0.113" /><testcase classname="backend.tests.test_admin_panel_iteration8.TestSiteSettings" name="test_get_settings" time="0.110" /><testcase classname="backend.tests.test_admin_panel_iteration8.TestSiteSettings" name="test_update_hero_settings" time="0.370" /><testcase classname="backend.tests.test_admin_panel_iteration8.TestSiteSettings" name="test_update_social_links" time="0.302" /><testcase classname="backend.tests.test_admin_panel_iteration8.TestSiteSettings" name="test_update_footer_settings" time="0.195" /><testcase classname="backend.tests.test_admin_panel_iteration8.TestEnrollmentsAdmin" name="test_get_enrollments_list" time="0.123" /><testcase classname="backend.tests.test_admin_panel_iteration8.TestEnrollmentsAdmin" name="test_get_payment_transactions" time="0.105" /><testcase classname="backend.tests.test_admin_panel_iteration8.TestProgramsCRUD" name="test_get_programs" time="0.101" /><testcase classname="backend.tests.test_admin_panel_iteration8.TestProgramsCRUD" name="test_programs_have_required_fields" time="0.113" /><testcase classname="backend.tests.test_admin_panel_iteration8.TestSessionsCRUD" name="test_get_sessions" time="0.112" /><testcase classname="backend.tests.test_admin_panel_iteration8.TestTestimonialsCRUD" name="test_get_testimonials" time="0.111" /><testcase classname="backend.tests.test_admin_panel_iteration8.TestTestimonialsCRUD" name="test_testimonials_have_type" time="0.099" /><testcase classname="backend.tests.test_admin_panel_iteration8.TestNewsletter" name="test_get_subscribers" time="0.366" /></testsuite></testsuites>