<?xml version="1.0" encoding="utf-8"?><testsuites name="pytest tests"><testsuite name="pytest" errors="0" failures="0" skipped="0" tests="9" time="1.334" timestamp="2026-03-15T14:02:29.676386+00:00" hostname="agent-env-28e65ac6-fb71-4559-b928-2c72b8ce3d96"><testcase classname="backend.tests.test_iteration65_bug_fixes.TestEnrollmentConfirmationEmail" name="test_enrollment_confirmation_email_accepts_footer_email" time="0.008" /><testcase classname="backend.tests.test_iteration65_bug_fixes.TestFreeEnrollmentCheckout" name="test_start_enrollment" time="0.308" /><testcase classname="backend.tests.test_iteration65_bug_fixes.TestFreeEnrollmentCheckout" name="test_get_enrollment" time="0.168" /><testcase classname="backend.tests.test_iteration65_bug_fixes.TestFreeEnrollmentCheckout" name="test_pricing_endpoint" time="0.162" /><testcase classname="backend.tests.test_iteration65_bug_fixes.TestSessionEnrollmentPage" name="test_session_exists" time="0.105" /><testcase classname="backend.tests.test_iteration65_bug_fixes.TestSessionEnrollmentPage" name="test_program_exists" time="0.148" /><testcase classname="backend.tests.test_iteration65_bug_fixes.TestBackendEmailSettings" name="test_site_settings_endpoint" time="0.113" /><testcase classname="backend.tests.test_iteration65_bug_fixes.TestBackendEmailSettings" name="test_discounts_settings" time="0.102" /><testcase classname="backend.tests.test_iteration65_bug_fixes.TestPaymentTransactionsEndpoint" name="test_get_transactions" time="0.117" /></testsuite></testsuites>