<?xml version="1.0" encoding="utf-8"?><testsuites name="pytest tests"><testsuite name="pytest" errors="0" failures="0" skipped="0" tests="17" time="3.405" timestamp="2026-03-16T01:50:00.340081+00:00" hostname="agent-env-8c7148a1-a1db-434f-840c-c23a32d55f35"><testcase classname="backend.tests.test_iteration66_timezone_fraud.TestEnrollmentSubmitModelFields" name="test_checkout_accepts_browser_timezone" time="0.403" /><testcase classname="backend.tests.test_iteration66_timezone_fraud.TestEnrollmentSubmitModelFields" name="test_checkout_accepts_browser_languages" time="0.388" /><testcase classname="backend.tests.test_iteration66_timezone_fraud.TestPricingTimezoneCheck" name="test_pricing_returns_timezone_india_check" time="0.613" /><testcase classname="backend.tests.test_iteration66_timezone_fraud.TestPricingTimezoneCheck" name="test_pricing_inr_eligible_requires_all_checks" time="0.366" /><testcase classname="backend.tests.test_iteration66_timezone_fraud.TestTimezoneIndiaLogic" name="test_indian_timezone_asia_kolkata" time="0.358" /><testcase classname="backend.tests.test_iteration66_timezone_fraud.TestTimezoneIndiaLogic" name="test_code_review_indian_timezones" time="0.001" /><testcase classname="backend.tests.test_iteration66_timezone_fraud.TestTimezoneIndiaLogic" name="test_code_review_timezone_blocks_inr" time="0.000" /><testcase classname="backend.tests.test_iteration66_timezone_fraud.TestBrowserFieldsStoredInMongoDB" name="test_get_enrollment_returns_browser_fields" time="0.421" /><testcase classname="backend.tests.test_iteration66_timezone_fraud.TestFrontendCodeReview" name="test_handleCheckout_sends_browser_timezone" time="0.001" /><testcase classname="backend.tests.test_iteration66_timezone_fraud.TestFrontendCodeReview" name="test_handleCheckout_sends_browser_languages" time="0.000" /><testcase classname="backend.tests.test_iteration66_timezone_fraud.TestFrontendCodeReview" name="test_verifyOtp_sends_browser_fields_for_free_enrollment" time="0.000" /><testcase classname="backend.tests.test_iteration66_timezone_fraud.TestFrontendCodeReview" name="test_handleCheckout_function_review" time="0.000" /><testcase classname="backend.tests.test_iteration66_timezone_fraud.TestSecurityChecksCompleteness" name="test_all_five_checks_present" time="0.437" /><testcase classname="backend.tests.test_iteration66_timezone_fraud.TestSecurityChecksCompleteness" name="test_fraud_warning_on_failed_checks" time="0.328" /><testcase classname="backend.tests.test_iteration66_timezone_fraud.TestBackendCodeStructure" name="test_enrollment_submit_model_has_fields" time="0.001" /><testcase classname="backend.tests.test_iteration66_timezone_fraud.TestBackendCodeStructure" name="test_checkout_stores_browser_fields" time="0.000" /><testcase classname="backend.tests.test_iteration66_timezone_fraud.TestBackendCodeStructure" name="test_get_enrollment_pricing_accepts_timezone" time="0.000" /></testsuite></testsuites>