<?xml version="1.0" encoding="utf-8"?><testsuites name="pytest tests"><testsuite name="pytest" errors="0" failures="0" skipped="0" tests="15" time="2.980" timestamp="2026-03-14T21:29:15.792283+00:00" hostname="agent-env-bfbfd46e-4d41-4000-9f5e-debbc25c69e3"><testcase classname="backend.tests.test_iteration53_programs_hub.TestProgramsAPI" name="test_get_all_programs" time="0.227" /><testcase classname="backend.tests.test_iteration53_programs_hub.TestProgramsAPI" name="test_programs_sorting_non_tiered_first" time="0.115" /><testcase classname="backend.tests.test_iteration53_programs_hub.TestProgramsAPI" name="test_flagship_programs" time="0.147" /><testcase classname="backend.tests.test_iteration53_programs_hub.TestProgramsAPI" name="test_upcoming_flagship_programs" time="0.169" /><testcase classname="backend.tests.test_iteration53_programs_hub.TestProgramToggleFields" name="test_program_has_pricing_toggle" time="0.125" /><testcase classname="backend.tests.test_iteration53_programs_hub.TestProgramToggleFields" name="test_program_has_tiers_toggle" time="0.196" /><testcase classname="backend.tests.test_iteration53_programs_hub.TestProgramToggleFields" name="test_update_program_pricing_toggle_off" time="0.472" /><testcase classname="backend.tests.test_iteration53_programs_hub.TestEnrollmentStatus" name="test_enrollment_status_field" time="0.170" /><testcase classname="backend.tests.test_iteration53_programs_hub.TestEnrollmentStatus" name="test_update_enrollment_status" time="0.482" /><testcase classname="backend.tests.test_iteration53_programs_hub.TestNotifyMeAPI" name="test_notify_me_endpoint_exists" time="0.132" /><testcase classname="backend.tests.test_iteration53_programs_hub.TestNotifyMeAPI" name="test_get_notify_me_subscribers" time="0.127" /><testcase classname="backend.tests.test_iteration53_programs_hub.TestSettingsAPI" name="test_get_settings" time="0.101" /><testcase classname="backend.tests.test_iteration53_programs_hub.TestSettingsAPI" name="test_sponsor_a_life_nav_link" time="0.114" /><testcase classname="backend.tests.test_iteration53_programs_hub.TestSessions" name="test_get_sessions" time="0.110" /><testcase classname="backend.tests.test_iteration53_programs_hub.TestProgramDetailAPI" name="test_get_program_by_id" time="0.223" /></testsuite></testsuites>