<?xml version="1.0" encoding="utf-8"?><testsuites name="pytest tests"><testsuite name="pytest" errors="0" failures="0" skipped="0" tests="9" time="1.707" timestamp="2026-03-12T04:49:26.514984+00:00" hostname="agent-env-121b4fc3-8349-443a-a561-e6f1244b7d7e"><testcase classname="backend.tests.test_iteration14_bug_fixes.TestImageUpload" name="test_upload_image_endpoint_exists" time="0.132" /><testcase classname="backend.tests.test_iteration14_bug_fixes.TestImageUpload" name="test_upload_invalid_file_type" time="0.102" /><testcase classname="backend.tests.test_iteration14_bug_fixes.TestOfferPriceAed" name="test_programs_returns_offer_price_aed" time="0.103" /><testcase classname="backend.tests.test_iteration14_bug_fixes.TestOfferPriceAed" name="test_create_program_with_offer_price_aed" time="0.205" /><testcase classname="backend.tests.test_iteration14_bug_fixes.TestOfferPriceAed" name="test_update_program_offer_price_aed" time="0.216" /><testcase classname="backend.tests.test_iteration14_bug_fixes.TestEnrollmentPhoneFields" name="test_enrollment_accepts_phone_with_country_code" time="0.179" /><testcase classname="backend.tests.test_iteration14_bug_fixes.TestEnrollmentPhoneFields" name="test_enrollment_multiple_country_codes" time="0.358" /><testcase classname="backend.tests.test_iteration14_bug_fixes.TestAdminProgramCRUD" name="test_get_single_program_has_offer_fields" time="0.183" /><testcase classname="backend.tests.test_iteration14_bug_fixes.TestCurrencyDetect" name="test_currency_detect_returns_expected_fields" time="0.176" /></testsuite></testsuites>