<?xml version="1.0" encoding="utf-8"?><testsuites name="pytest tests"><testsuite name="pytest" errors="0" failures="0" skipped="0" tests="14" time="5.626" timestamp="2026-03-13T11:52:04.099771+00:00" hostname="agent-env-32719377-2de0-49aa-b0d8-7ca6141b6865"><testcase classname="backend.tests.test_api_keys_editable.TestApiKeysGetEndpoint" name="test_get_api_keys_returns_list" time="0.148" /><testcase classname="backend.tests.test_api_keys_editable.TestApiKeysGetEndpoint" name="test_get_api_keys_returns_8_keys" time="0.122" /><testcase classname="backend.tests.test_api_keys_editable.TestApiKeysGetEndpoint" name="test_get_api_keys_structure" time="0.102" /><testcase classname="backend.tests.test_api_keys_editable.TestApiKeysGetEndpoint" name="test_get_api_keys_service_grouping" time="0.098" /><testcase classname="backend.tests.test_api_keys_editable.TestApiKeysGetEndpoint" name="test_get_api_keys_stripe_key" time="0.140" /><testcase classname="backend.tests.test_api_keys_editable.TestApiKeysPutEndpoint" name="test_put_api_keys_success" time="0.234" /><testcase classname="backend.tests.test_api_keys_editable.TestApiKeysPutEndpoint" name="test_put_api_keys_multiple_keys" time="0.229" /><testcase classname="backend.tests.test_api_keys_editable.TestApiKeysPutEndpoint" name="test_put_api_keys_ignores_invalid_names" time="0.103" /><testcase classname="backend.tests.test_api_keys_editable.TestApiKeysPutEndpoint" name="test_put_api_keys_empty_body" time="0.101" /><testcase classname="backend.tests.test_api_keys_editable.TestApiKeysPersistence" name="test_put_then_get_shows_admin_source" time="0.338" /><testcase classname="backend.tests.test_api_keys_editable.TestApiKeysPersistence" name="test_stripe_key_update_and_verify" time="0.463" /><testcase classname="backend.tests.test_api_keys_editable.TestApiKeysSourceField" name="test_env_source_for_unmodified_keys" time="0.108" /><testcase classname="backend.tests.test_api_keys_editable.TestApiKeysSourceField" name="test_source_changes_after_put" time="0.206" /><testcase classname="backend.tests.test_api_keys_editable.TestEmailOTPAfterKeyManagerIntegration" name="test_send_otp_works_after_key_manager_integration" time="3.176" /></testsuite></testsuites>