<?xml version="1.0" encoding="utf-8"?><testsuites name="pytest tests"><testsuite name="pytest" errors="0" failures="0" skipped="0" tests="9" time="2.346" timestamp="2026-03-12T05:26:10.816600+00:00" hostname="agent-env-121b4fc3-8349-443a-a561-e6f1244b7d7e"><testcase classname="tests.test_iteration15_uid_referral.TestUIDGenerator" name="test_uid_format_structure" time="0.133" /><testcase classname="tests.test_iteration15_uid_referral.TestUIDGenerator" name="test_enrollment_with_referral_and_uid_flow" time="0.415" /><testcase classname="tests.test_iteration15_uid_referral.TestOfferPriceCheckout" name="test_program_offer_prices_in_api" time="0.109" /><testcase classname="tests.test_iteration15_uid_referral.TestOfferPriceCheckout" name="test_create_program_with_offer_price" time="0.371" /><testcase classname="tests.test_iteration15_uid_referral.TestParticipantDataModel" name="test_enrollment_accepts_referred_by_name" time="0.262" /><testcase classname="tests.test_iteration15_uid_referral.TestHealthAndBasicEndpoints" name="test_api_health" time="0.202" /><testcase classname="tests.test_iteration15_uid_referral.TestHealthAndBasicEndpoints" name="test_programs_endpoint" time="0.102" /><testcase classname="tests.test_iteration15_uid_referral.TestPaymentStatusWithUID" name="test_payment_status_structure" time="0.100" /><testcase classname="tests.test_iteration15_uid_referral.TestEnrollmentFlowComplete" name="test_full_enrollment_with_referral" time="0.586" /></testsuite></testsuites>