<?xml version="1.0" encoding="utf-8"?><testsuites name="pytest tests"><testsuite name="pytest" errors="0" failures="0" skipped="0" tests="9" time="1.682" timestamp="2026-03-13T01:45:30.934307+00:00" hostname="agent-env-43c2bb5b-c8c3-45f3-a837-5ad7c93fd519"><testcase classname="backend.tests.test_iteration31_section_template.TestSectionTemplateAPI" name="test_get_settings_returns_section_template" time="0.160" /><testcase classname="backend.tests.test_iteration31_section_template.TestSectionTemplateAPI" name="test_section_template_default_values" time="0.132" /><testcase classname="backend.tests.test_iteration31_section_template.TestSectionTemplateAPI" name="test_update_section_template" time="0.500" /><testcase classname="backend.tests.test_iteration31_section_template.TestProgramsAPI" name="test_get_programs_list" time="0.118" /><testcase classname="backend.tests.test_iteration31_section_template.TestProgramsAPI" name="test_flagship_program_1_awrp" time="0.126" /><testcase classname="backend.tests.test_iteration31_section_template.TestProgramsAPI" name="test_flagship_program_2_amrp" time="0.122" /><testcase classname="backend.tests.test_iteration31_section_template.TestProgramsAPI" name="test_flagship_program_5_quad_layer" time="0.129" /><testcase classname="backend.tests.test_iteration31_section_template.TestProgramsAPI" name="test_non_flagship_program_3_soulsync" time="0.127" /><testcase classname="backend.tests.test_iteration31_section_template.TestProgramContentSections" name="test_program_has_content_sections_field" time="0.175" /></testsuite></testsuites>