<?xml version="1.0" encoding="utf-8"?><testsuites name="pytest tests"><testsuite name="pytest" errors="0" failures="0" skipped="0" tests="5" time="1.152" timestamp="2026-03-15T03:13:01.729666+00:00" hostname="agent-env-fa2a1f43-b8f3-4ffd-8e9f-0f02ab7c5364"><testcase classname="backend.tests.test_iteration60_enrollment_excel.TestExcelExport" name="test_inbox_download_returns_xlsx" time="0.509" /><testcase classname="backend.tests.test_iteration60_enrollment_excel.TestExcelExport" name="test_clients_export_returns_xlsx" time="0.168" /><testcase classname="backend.tests.test_iteration60_enrollment_excel.TestProgramsAPI" name="test_get_program_5_returns_valid_data" time="0.120" /><testcase classname="backend.tests.test_iteration60_enrollment_excel.TestDiscountsAPI" name="test_discounts_settings_returns_200" time="0.145" /><testcase classname="backend.tests.test_iteration60_enrollment_excel.TestSettingsAPI" name="test_settings_returns_200" time="0.110" /></testsuite></testsuites>