<?xml version="1.0" encoding="utf-8"?><testsuites name="pytest tests"><testsuite name="pytest" errors="0" failures="0" skipped="0" tests="11" time="3.226" timestamp="2026-03-11T20:46:31.878881+00:00" hostname="agent-env-783e0e55-7c61-407e-91df-94d8823aa62c"><testcase classname="backend.tests.test_duration_tiers_iteration10.TestProgramsAPI" name="test_get_all_programs" time="0.400" /><testcase classname="backend.tests.test_duration_tiers_iteration10.TestProgramsAPI" name="test_all_programs_are_flagship" time="0.172" /><testcase classname="backend.tests.test_duration_tiers_iteration10.TestProgramsAPI" name="test_all_programs_have_3_tiers" time="0.140" /><testcase classname="backend.tests.test_duration_tiers_iteration10.TestProgramsAPI" name="test_tier_labels" time="1.468" /><testcase classname="backend.tests.test_duration_tiers_iteration10.TestProgramsAPI" name="test_annual_tier_has_zero_price" time="0.150" /><testcase classname="backend.tests.test_duration_tiers_iteration10.TestProgramsAPI" name="test_get_upcoming_programs" time="0.113" /><testcase classname="backend.tests.test_duration_tiers_iteration10.TestProgramsAPI" name="test_get_single_program_with_tiers" time="0.130" /><testcase classname="backend.tests.test_duration_tiers_iteration10.TestProgramsAPI" name="test_tier_pricing_values" time="0.154" /><testcase classname="backend.tests.test_duration_tiers_iteration10.TestVisibleOnlyFilter" name="test_visible_only_returns_visible_programs" time="0.130" /><testcase classname="backend.tests.test_duration_tiers_iteration10.TestProgramFields" name="test_program_has_required_fields" time="0.135" /><testcase classname="backend.tests.test_duration_tiers_iteration10.TestProgramFields" name="test_program_has_session_mode" time="0.148" /></testsuite></testsuites>