<?xml version="1.0" encoding="utf-8"?><testsuites name="pytest tests"><testsuite name="pytest" errors="0" failures="0" skipped="0" tests="9" time="2.005" timestamp="2026-03-12T20:00:12.987939+00:00" hostname="agent-env-43c2bb5b-c8c3-45f3-a837-5ad7c93fd519"><testcase classname="backend.tests.test_iteration30_program_template.TestProgramTemplate" name="test_settings_contains_program_template" time="0.315" /><testcase classname="backend.tests.test_iteration30_program_template.TestProgramTemplate" name="test_program_template_has_style_keys" time="0.247" /><testcase classname="backend.tests.test_iteration30_program_template.TestProgramTemplate" name="test_program_template_styles_have_values" time="0.159" /><testcase classname="backend.tests.test_iteration30_program_template.TestProgramTemplate" name="test_update_program_template" time="0.614" /><testcase classname="backend.tests.test_iteration30_program_template.TestProgramTemplate" name="test_static_page_headers_still_exist" time="0.122" /><testcase classname="backend.tests.test_iteration30_program_template.TestProgramDetailEndpoints" name="test_get_program_2_amrp" time="0.119" /><testcase classname="backend.tests.test_iteration30_program_template.TestProgramDetailEndpoints" name="test_get_program_1_awrp" time="0.105" /><testcase classname="backend.tests.test_iteration30_program_template.TestProgramDetailEndpoints" name="test_get_program_5_quad_layer" time="0.138" /><testcase classname="backend.tests.test_iteration30_program_template.TestProgramDetailEndpoints" name="test_programs_list_contains_flagship" time="0.121" /></testsuite></testsuites>