<?xml version="1.0" encoding="utf-8"?><testsuites name="pytest tests"><testsuite name="pytest" errors="0" failures="0" skipped="0" tests="30" time="1.527" timestamp="2026-03-16T02:05:42.575126+00:00" hostname="agent-env-8c7148a1-a1db-434f-840c-c23a32d55f35"><testcase classname="backend.tests.test_iteration67_fraud_prevention.TestFraudAlertsCRUD" name="test_get_fraud_alerts_returns_200" time="0.151" /><testcase classname="backend.tests.test_iteration67_fraud_prevention.TestFraudAlertsCRUD" name="test_get_fraud_alerts_with_filter_returns_200" time="0.124" /><testcase classname="backend.tests.test_iteration67_fraud_prevention.TestFraudAlertsCRUD" name="test_get_fraud_stats_returns_200" time="0.146" /><testcase classname="backend.tests.test_iteration67_fraud_prevention.TestFraudAlertsCRUD" name="test_get_fraud_blocklist_returns_200" time="0.129" /><testcase classname="backend.tests.test_iteration67_fraud_prevention.TestFraudAlertsCRUD" name="test_patch_alert_invalid_id_returns_404" time="0.132" /><testcase classname="backend.tests.test_iteration67_fraud_prevention.TestFraudAlertsCRUD" name="test_patch_alert_invalid_status_returns_400" time="0.102" /><testcase classname="backend.tests.test_iteration67_fraud_prevention.TestFraudAlertsCRUD" name="test_delete_blocklist_nonexistent_returns_404" time="0.128" /><testcase classname="backend.tests.test_iteration67_fraud_prevention.TestBlocklistIntegration" name="test_create_enrollment_then_check_blocklist_in_pricing" time="0.513" /><testcase classname="backend.tests.test_iteration67_fraud_prevention.TestCodeReviewBillingAddressCollection" name="test_billing_address_collection_in_code" time="0.000" /><testcase classname="backend.tests.test_iteration67_fraud_prevention.TestCodeReviewBillingAddressCollection" name="test_customer_email_prefill_in_code" time="0.000" /><testcase classname="backend.tests.test_iteration67_fraud_prevention.TestCodeReviewPostPaymentFraudCheck" name="test_post_payment_fraud_check_function_exists" time="0.000" /><testcase classname="backend.tests.test_iteration67_fraud_prevention.TestCodeReviewPostPaymentFraudCheck" name="test_fraud_alert_creation_in_function" time="0.000" /><testcase classname="backend.tests.test_iteration67_fraud_prevention.TestCodeReviewPostPaymentFraudCheck" name="test_critical_severity_for_inr_non_indian_card" time="0.000" /><testcase classname="backend.tests.test_iteration67_fraud_prevention.TestCodeReviewPostPaymentFraudCheck" name="test_auto_blocklist_on_critical" time="0.000" /><testcase classname="backend.tests.test_iteration67_fraud_prevention.TestCodeReviewPostPaymentFraudCheck" name="test_card_country_extraction_in_check_payment_status" time="0.000" /><testcase classname="backend.tests.test_iteration67_fraud_prevention.TestCodeReviewFraudRoutes" name="test_fraud_router_registered" time="0.000" /><testcase classname="backend.tests.test_iteration67_fraud_prevention.TestCodeReviewFraudRoutes" name="test_fraud_alerts_endpoint_code" time="0.000" /><testcase classname="backend.tests.test_iteration67_fraud_prevention.TestCodeReviewFraudRoutes" name="test_fraud_stats_endpoint_code" time="0.000" /><testcase classname="backend.tests.test_iteration67_fraud_prevention.TestCodeReviewFraudRoutes" name="test_patch_alert_endpoint_code" time="0.000" /><testcase classname="backend.tests.test_iteration67_fraud_prevention.TestCodeReviewFraudRoutes" name="test_blocklist_crud_endpoints_code" time="0.000" /><testcase classname="backend.tests.test_iteration67_fraud_prevention.TestCodeReviewFraudRoutes" name="test_confirmed_fraud_adds_to_blocklist" time="0.000" /><testcase classname="backend.tests.test_iteration67_fraud_prevention.TestCodeReviewFraudRoutes" name="test_legitimate_removes_from_blocklist" time="0.000" /><testcase classname="backend.tests.test_iteration67_fraud_prevention.TestCodeReviewEnrollmentBlocklist" name="test_blocklist_check_in_pricing" time="0.000" /><testcase classname="backend.tests.test_iteration67_fraud_prevention.TestCodeReviewEnrollmentBlocklist" name="test_not_blocklisted_in_checks" time="0.000" /><testcase classname="backend.tests.test_iteration67_fraud_prevention.TestFraudAlertsTabFrontend" name="test_fraud_alerts_tab_exists" time="0.000" /><testcase classname="backend.tests.test_iteration67_fraud_prevention.TestFraudAlertsTabFrontend" name="test_fraud_alerts_tab_has_data_testid" time="0.000" /><testcase classname="backend.tests.test_iteration67_fraud_prevention.TestFraudAlertsTabFrontend" name="test_fraud_alerts_tab_has_filter_buttons" time="0.000" /><testcase classname="backend.tests.test_iteration67_fraud_prevention.TestFraudAlertsTabFrontend" name="test_fraud_alerts_tab_has_stats_cards" time="0.000" /><testcase classname="backend.tests.test_iteration67_fraud_prevention.TestFraudAlertsTabFrontend" name="test_fraud_alerts_tab_has_unblock_button" time="0.000" /><testcase classname="backend.tests.test_iteration67_fraud_prevention.TestFraudAlertsTabFrontend" name="test_fraud_alerts_tab_imported_in_admin_panel" time="0.000" /></testsuite></testsuites>