<?xml version="1.0" encoding="utf-8"?><testsuites name="pytest tests"><testsuite name="pytest" errors="0" failures="0" skipped="0" tests="16" time="3.456" timestamp="2026-03-10T08:42:35.741782+00:00" hostname="agent-env-41062823-1c1e-415b-8c4a-d19783015d0f"><testcase classname="tests.test_divine_iris_api.TestHealthCheck" name="test_api_root_returns_200" time="0.256" /><testcase classname="tests.test_divine_iris_api.TestProgramsAPI" name="test_get_all_programs" time="0.128" /><testcase classname="tests.test_divine_iris_api.TestProgramsAPI" name="test_get_single_program" time="0.242" /><testcase classname="tests.test_divine_iris_api.TestProgramsAPI" name="test_get_nonexistent_program_returns_404" time="0.118" /><testcase classname="tests.test_divine_iris_api.TestProgramsAPI" name="test_create_program" time="0.272" /><testcase classname="tests.test_divine_iris_api.TestSessionsAPI" name="test_get_all_sessions" time="0.118" /><testcase classname="tests.test_divine_iris_api.TestSessionsAPI" name="test_get_single_session" time="0.315" /><testcase classname="tests.test_divine_iris_api.TestSessionsAPI" name="test_create_session" time="0.250" /><testcase classname="tests.test_divine_iris_api.TestTestimonialsAPI" name="test_get_all_testimonials" time="0.116" /><testcase classname="tests.test_divine_iris_api.TestTestimonialsAPI" name="test_create_testimonial" time="0.236" /><testcase classname="tests.test_divine_iris_api.TestStatsAPI" name="test_get_all_stats" time="0.114" /><testcase classname="tests.test_divine_iris_api.TestNewsletterAPI" name="test_get_newsletter_subscribers" time="0.126" /><testcase classname="tests.test_divine_iris_api.TestNewsletterAPI" name="test_subscribe_to_newsletter" time="0.148" /><testcase classname="tests.test_divine_iris_api.TestImageServing" name="test_serve_existing_image" time="0.245" /><testcase classname="tests.test_divine_iris_api.TestImageServing" name="test_serve_nonexistent_image_returns_404" time="0.109" /><testcase classname="tests.test_divine_iris_api.TestImageResolving" name="test_program_images_are_resolvable" time="0.484" /></testsuite></testsuites>