<?xml version="1.0" encoding="utf-8"?><testsuites name="pytest tests"><testsuite name="pytest" errors="0" failures="0" skipped="0" tests="15" time="1.977" timestamp="2026-03-12T08:10:29.213196+00:00" hostname="agent-env-68fa9d6f-fcd3-489b-91ba-f3808bb6f6a7"><testcase classname="backend.tests.test_iteration20_about_programs.TestSettingsAboutContent" name="test_settings_returns_about_name" time="0.175" /><testcase classname="backend.tests.test_iteration20_about_programs.TestSettingsAboutContent" name="test_settings_returns_about_bio" time="0.105" /><testcase classname="backend.tests.test_iteration20_about_programs.TestSettingsAboutContent" name="test_settings_returns_about_philosophy" time="0.108" /><testcase classname="backend.tests.test_iteration20_about_programs.TestSettingsAboutContent" name="test_settings_returns_terms_content" time="0.163" /><testcase classname="backend.tests.test_iteration20_about_programs.TestSettingsAboutContent" name="test_settings_returns_privacy_content" time="0.107" /><testcase classname="backend.tests.test_iteration20_about_programs.TestProgramsAPI" name="test_get_all_programs" time="0.108" /><testcase classname="backend.tests.test_iteration20_about_programs.TestProgramsAPI" name="test_program_has_required_fields" time="0.114" /><testcase classname="backend.tests.test_iteration20_about_programs.TestProgramsAPI" name="test_program_has_content_sections_field" time="0.106" /><testcase classname="backend.tests.test_iteration20_about_programs.TestProgramsAPI" name="test_get_single_program" time="0.213" /><testcase classname="backend.tests.test_iteration20_about_programs.TestProgramsAPI" name="test_program_1_has_test_content_section" time="0.105" /><testcase classname="backend.tests.test_iteration20_about_programs.TestProgramsAPI" name="test_flagship_program_has_duration_tiers" time="0.100" /><testcase classname="backend.tests.test_iteration20_about_programs.TestProgramDetailPageContent" name="test_program_returns_description_for_journey" time="0.103" /><testcase classname="backend.tests.test_iteration20_about_programs.TestProgramDetailPageContent" name="test_content_section_structure" time="0.136" /><testcase classname="backend.tests.test_iteration20_about_programs.TestTestimonialsAPI" name="test_get_testimonials" time="0.119" /><testcase classname="backend.tests.test_iteration20_about_programs.TestFontConfigInIndex" name="test_settings_has_font_config" time="0.128" /></testsuite></testsuites>