<?xml version="1.0" encoding="utf-8"?><testsuites name="pytest tests"><testsuite name="pytest" errors="0" failures="0" skipped="0" tests="9" time="1.463" timestamp="2026-03-12T06:02:16.839532+00:00" hostname="agent-env-121b4fc3-8349-443a-a561-e6f1244b7d7e"><testcase classname="backend.tests.test_iteration17_discounts_frontend.TestDiscountsCalculation" name="test_discount_settings_returns_enabled_features" time="0.188" /><testcase classname="backend.tests.test_iteration17_discounts_frontend.TestDiscountsCalculation" name="test_combo_discount_with_2_programs" time="0.149" /><testcase classname="backend.tests.test_iteration17_discounts_frontend.TestDiscountsCalculation" name="test_group_discount_with_3_participants" time="0.131" /><testcase classname="backend.tests.test_iteration17_discounts_frontend.TestDiscountsCalculation" name="test_group_and_combo_discount_combined" time="0.099" /><testcase classname="backend.tests.test_iteration17_discounts_frontend.TestDiscountsCalculation" name="test_no_group_discount_for_2_participants" time="0.112" /><testcase classname="backend.tests.test_iteration17_discounts_frontend.TestDiscountsCalculation" name="test_no_combo_discount_for_1_program" time="0.119" /><testcase classname="backend.tests.test_iteration17_discounts_frontend.TestDiscountsCalculation" name="test_loyalty_discount_for_returning_client" time="0.237" /><testcase classname="backend.tests.test_iteration17_discounts_frontend.TestProgramsAPI" name="test_get_programs" time="0.106" /><testcase classname="backend.tests.test_iteration17_discounts_frontend.TestCartCheckoutFlow" name="test_enrollment_start" time="0.251" /></testsuite></testsuites>