<?xml version="1.0" encoding="utf-8"?><testsuites name="pytest tests"><testsuite name="pytest" errors="0" failures="0" skipped="0" tests="12" time="2.032" timestamp="2026-03-14T14:05:16.808913+00:00" hostname="agent-env-e52aab65-8776-41c1-b7fb-d23e434ebdb5"><testcase classname="backend.tests.test_iteration50.TestProgramsAPI" name="test_get_all_programs" time="0.187" /><testcase classname="backend.tests.test_iteration50.TestProgramsAPI" name="test_get_visible_programs" time="0.126" /><testcase classname="backend.tests.test_iteration50.TestProgramsAPI" name="test_get_upcoming_programs" time="0.124" /><testcase classname="backend.tests.test_iteration50.TestProgramsAPI" name="test_program_has_required_fields" time="0.134" /><testcase classname="backend.tests.test_iteration50.TestDurationTiersAPI" name="test_program_tiers_have_dates" time="0.131" /><testcase classname="backend.tests.test_iteration50.TestDurationTiersAPI" name="test_update_tier_dates" time="0.492" /><testcase classname="backend.tests.test_iteration50.TestSessionsAPI" name="test_get_all_sessions" time="0.140" /><testcase classname="backend.tests.test_iteration50.TestSessionsAPI" name="test_session_has_pricing_fields" time="0.119" /><testcase classname="backend.tests.test_iteration50.TestUpcomingPrograms" name="test_upcoming_program_has_dates" time="0.144" /><testcase classname="backend.tests.test_iteration50.TestUpcomingPrograms" name="test_upcoming_program_has_timing" time="0.118" /><testcase classname="backend.tests.test_iteration50.TestHealthAndBasics" name="test_api_health" time="0.129" /><testcase classname="backend.tests.test_iteration50.TestHealthAndBasics" name="test_settings_endpoint" time="0.125" /></testsuite></testsuites>