<?xml version="1.0" encoding="utf-8"?><testsuites name="pytest tests"><testsuite name="pytest" errors="0" failures="0" skipped="0" tests="9" time="4.266" timestamp="2026-03-14T14:46:35.473720+00:00" hostname="agent-env-bfbfd46e-4d41-4000-9f5e-debbc25c69e3"><testcase classname="backend.tests.test_iteration51_enrollment_toggle.TestEnrollmentToggleAPI" name="test_get_upcoming_programs_has_enrollment_fields" time="0.423" /><testcase classname="backend.tests.test_iteration51_enrollment_toggle.TestEnrollmentToggleAPI" name="test_get_program_by_id_has_enrollment_fields" time="0.372" /><testcase classname="backend.tests.test_iteration51_enrollment_toggle.TestEnrollmentToggleAPI" name="test_update_enrollment_open_to_false" time="0.605" /><testcase classname="backend.tests.test_iteration51_enrollment_toggle.TestEnrollmentToggleAPI" name="test_update_enrollment_open_to_true" time="0.698" /><testcase classname="backend.tests.test_iteration51_enrollment_toggle.TestEnrollmentToggleAPI" name="test_update_closure_text" time="0.522" /><testcase classname="backend.tests.test_iteration51_enrollment_toggle.TestEnrollmentToggleAPI" name="test_closure_text_options" time="0.818" /><testcase classname="backend.tests.test_iteration51_enrollment_toggle.TestEnrollmentToggleAPI" name="test_enrollment_toggle_reflects_in_upcoming_list" time="0.534" /><testcase classname="backend.tests.test_iteration51_enrollment_toggle.TestProgramModel" name="test_enrollment_open_defaults_to_true" time="0.115" /><testcase classname="backend.tests.test_iteration51_enrollment_toggle.TestProgramModel" name="test_closure_text_has_default" time="0.101" /></testsuite></testsuites>