<?xml version="1.0" encoding="utf-8"?><testsuites name="pytest tests"><testsuite name="pytest" errors="0" failures="0" skipped="0" tests="12" time="3.841" timestamp="2026-03-14T13:26:19.204671+00:00" hostname="agent-env-e52aab65-8776-41c1-b7fb-d23e434ebdb5"><testcase classname="backend.tests.test_iteration48_pricing_hub.TestProgramsWithTiers" name="test_get_programs_with_tiers" time="0.238" /><testcase classname="backend.tests.test_iteration48_pricing_hub.TestProgramsWithTiers" name="test_program_show_pricing_on_card_field" time="0.102" /><testcase classname="backend.tests.test_iteration48_pricing_hub.TestProgramsWithTiers" name="test_program_show_tiers_on_card_field" time="0.123" /><testcase classname="backend.tests.test_iteration48_pricing_hub.TestProgramsWithTiers" name="test_update_program_tier_offer_pricing" time="0.474" /><testcase classname="backend.tests.test_iteration48_pricing_hub.TestSessionsWithOfferPricing" name="test_get_sessions_with_offer_fields" time="0.119" /><testcase classname="backend.tests.test_iteration48_pricing_hub.TestSessionsWithOfferPricing" name="test_update_session_offer_pricing" time="0.460" /><testcase classname="backend.tests.test_iteration48_pricing_hub.TestPricingToggleFields" name="test_update_show_pricing_toggle" time="0.554" /><testcase classname="backend.tests.test_iteration48_pricing_hub.TestPricingToggleFields" name="test_update_show_tiers_toggle" time="0.419" /><testcase classname="backend.tests.test_iteration48_pricing_hub.TestAddRemoveTiers" name="test_add_tier_to_program" time="0.419" /><testcase classname="backend.tests.test_iteration48_pricing_hub.TestAddRemoveTiers" name="test_remove_tier_from_program" time="0.410" /><testcase classname="backend.tests.test_iteration48_pricing_hub.TestCreateProgramSession" name="test_create_program" time="0.202" /><testcase classname="backend.tests.test_iteration48_pricing_hub.TestCreateProgramSession" name="test_create_session" time="0.199" /></testsuite></testsuites>