<?xml version="1.0" encoding="utf-8"?><testsuites name="pytest tests"><testsuite name="pytest" errors="0" failures="0" skipped="0" tests="12" time="2.016" timestamp="2026-03-14T13:08:07.729174+00:00" hostname="agent-env-e52aab65-8776-41c1-b7fb-d23e434ebdb5"><testcase classname="backend.tests.test_iteration47_pricing_upcoming_hub.TestProgramsCRUD" name="test_get_programs_list" time="0.135" /><testcase classname="backend.tests.test_iteration47_pricing_upcoming_hub.TestProgramsCRUD" name="test_program_has_closure_fields" time="0.104" /><testcase classname="backend.tests.test_iteration47_pricing_upcoming_hub.TestProgramsCRUD" name="test_program_with_enrollment_off_has_closure_text" time="0.118" /><testcase classname="backend.tests.test_iteration47_pricing_upcoming_hub.TestProgramsCRUD" name="test_update_program_closure_text" time="0.418" /><testcase classname="backend.tests.test_iteration47_pricing_upcoming_hub.TestSessionsAPI" name="test_get_sessions_list" time="0.097" /><testcase classname="backend.tests.test_iteration47_pricing_upcoming_hub.TestSessionsAPI" name="test_session_has_pricing_fields" time="0.110" /><testcase classname="backend.tests.test_iteration47_pricing_upcoming_hub.TestSessionsAPI" name="test_update_session_pricing" time="0.435" /><testcase classname="backend.tests.test_iteration47_pricing_upcoming_hub.TestUpcomingPrograms" name="test_get_upcoming_programs" time="0.115" /><testcase classname="backend.tests.test_iteration47_pricing_upcoming_hub.TestUpcomingPrograms" name="test_upcoming_program_fields" time="0.113" /><testcase classname="backend.tests.test_iteration47_pricing_upcoming_hub.TestProgramsTierPricing" name="test_flagship_programs_have_tiers" time="0.102" /><testcase classname="backend.tests.test_iteration47_pricing_upcoming_hub.TestProgramsTierPricing" name="test_tier_pricing_fields" time="0.106" /><testcase classname="backend.tests.test_iteration47_pricing_upcoming_hub.TestFlagshipProgramsEnrollment" name="test_flagship_programs_enrollment_status" time="0.095" /></testsuite></testsuites>