<?xml version="1.0" encoding="utf-8"?><testsuites name="pytest tests"><testsuite name="pytest" errors="0" failures="0" skipped="0" tests="19" time="5.632" timestamp="2026-03-11T20:06:46.487743+00:00" hostname="agent-env-1d324d40-d4a1-40aa-a1df-948b6c8e9466"><testcase classname="backend.tests.test_promotions_iteration9.TestPromotionsCRUD" name="test_get_promotions" time="0.346" /><testcase classname="backend.tests.test_promotions_iteration9.TestPromotionsCRUD" name="test_create_promotion_coupon_percentage" time="0.259" /><testcase classname="backend.tests.test_promotions_iteration9.TestPromotionsCRUD" name="test_create_promotion_early_bird_fixed" time="0.302" /><testcase classname="backend.tests.test_promotions_iteration9.TestPromotionsCRUD" name="test_create_promotion_limited_time" time="0.267" /><testcase classname="backend.tests.test_promotions_iteration9.TestPromotionsCRUD" name="test_create_promotion_specific_programs" time="0.360" /><testcase classname="backend.tests.test_promotions_iteration9.TestPromotionsCRUD" name="test_update_promotion" time="0.522" /><testcase classname="backend.tests.test_promotions_iteration9.TestPromotionsCRUD" name="test_delete_promotion" time="0.475" /><testcase classname="backend.tests.test_promotions_iteration9.TestPromotionsValidation" name="test_validate_existing_coupon_ny2026" time="0.127" /><testcase classname="backend.tests.test_promotions_iteration9.TestPromotionsValidation" name="test_validate_existing_coupon_early50" time="0.183" /><testcase classname="backend.tests.test_promotions_iteration9.TestPromotionsValidation" name="test_validate_invalid_code" time="0.114" /><testcase classname="backend.tests.test_promotions_iteration9.TestPromotionsValidation" name="test_validate_empty_code" time="0.116" /><testcase classname="backend.tests.test_promotions_iteration9.TestPromotionsValidation" name="test_validate_program_specific_coupon" time="0.497" /><testcase classname="backend.tests.test_promotions_iteration9.TestActivePromotions" name="test_get_active_promotions" time="0.146" /><testcase classname="backend.tests.test_promotions_iteration9.TestActivePromotions" name="test_get_active_promotions_by_program" time="0.140" /><testcase classname="backend.tests.test_promotions_iteration9.TestProgramNewFields" name="test_get_program_1_has_new_fields" time="0.192" /><testcase classname="backend.tests.test_promotions_iteration9.TestProgramNewFields" name="test_update_program_new_fields" time="0.811" /><testcase classname="backend.tests.test_promotions_iteration9.TestProgramNewFields" name="test_create_program_with_duration_tiers" time="0.324" /><testcase classname="backend.tests.test_promotions_iteration9.TestExistingPromotions" name="test_ny2026_exists_with_correct_config" time="0.131" /><testcase classname="backend.tests.test_promotions_iteration9.TestExistingPromotions" name="test_early50_exists_with_correct_config" time="0.183" /></testsuite></testsuites>