<?xml version="1.0" encoding="utf-8"?><testsuites name="pytest tests"><testsuite name="pytest" errors="0" failures="0" skipped="0" tests="11" time="4.839" timestamp="2026-03-11T22:28:22.022635+00:00" hostname="agent-env-121b4fc3-8349-443a-a561-e6f1244b7d7e"><testcase classname="backend.tests.test_iteration13_new_fields.TestProgramLinkFields" name="test_api_health" time="0.281" /><testcase classname="backend.tests.test_iteration13_new_fields.TestProgramLinkFields" name="test_create_program_with_links" time="0.223" /><testcase classname="backend.tests.test_iteration13_new_fields.TestProgramLinkFields" name="test_get_program_with_links" time="0.632" /><testcase classname="backend.tests.test_iteration13_new_fields.TestProgramLinkFields" name="test_update_program_links" time="0.666" /><testcase classname="backend.tests.test_iteration13_new_fields.TestParticipantNewFields" name="test_enrollment_start_with_new_fields" time="0.382" /><testcase classname="backend.tests.test_iteration13_new_fields.TestParticipantNewFields" name="test_enrollment_stores_is_first_time" time="0.442" /><testcase classname="backend.tests.test_iteration13_new_fields.TestParticipantNewFields" name="test_enrollment_stores_referral_source" time="0.989" /><testcase classname="backend.tests.test_iteration13_new_fields.TestPaymentStatusEndpoint" name="test_payment_status_returns_program_links" time="0.498" /><testcase classname="backend.tests.test_iteration13_new_fields.TestPaymentStatusEndpoint" name="test_existing_transaction_has_expected_fields" time="0.131" /><testcase classname="backend.tests.test_iteration13_new_fields.TestExistingProgramsHaveLinkFields" name="test_all_programs_have_link_fields" time="0.140" /><testcase classname="backend.tests.test_iteration13_new_fields.TestCleanup" name="test_cleanup_test_programs" time="0.281" /></testsuite></testsuites>