<?xml version="1.0" encoding="utf-8"?><testsuites name="pytest tests"><testsuite name="pytest" errors="0" failures="0" skipped="0" tests="9" time="3.393" timestamp="2026-03-16T14:46:02.276220+00:00" hostname="agent-env-9cbe7dfe-3f66-4c5a-80e6-0cc2ebafd18f"><testcase classname="backend.tests.test_iteration70_admin_enrollments.TestAdminEnrollmentsExport" name="test_export_returns_valid_xlsx" time="0.268" /><testcase classname="backend.tests.test_iteration70_admin_enrollments.TestAdminEnrollmentsExport" name="test_export_has_wide_format_headers" time="0.528" /><testcase classname="backend.tests.test_iteration70_admin_enrollments.TestAdminEnrollmentsExport" name="test_export_no_none_values" time="0.330" /><testcase classname="backend.tests.test_iteration70_admin_enrollments.TestAdminEnrollmentsExport" name="test_export_one_row_per_enrollment" time="0.611" /><testcase classname="backend.tests.test_iteration70_admin_enrollments.TestAdminEnrollmentsExport" name="test_export_receipt_ids_unique" time="0.401" /><testcase classname="backend.tests.test_iteration70_admin_enrollments.TestAdminEnrollmentsAPI" name="test_enrollments_api_returns_200" time="0.249" /><testcase classname="backend.tests.test_iteration70_admin_enrollments.TestAdminEnrollmentsAPI" name="test_enrollments_have_clean_participant_data" time="0.338" /><testcase classname="backend.tests.test_iteration70_admin_enrollments.TestAdminEnrollmentsAPI" name="test_enrollments_have_required_fields" time="0.254" /><testcase classname="backend.tests.test_iteration70_admin_enrollments.TestParticipantFieldsInExport" name="test_participant_fields_complete" time="0.359" /></testsuite></testsuites>