<?xml version="1.0" encoding="utf-8"?><testsuites name="pytest tests"><testsuite name="pytest" errors="0" failures="0" skipped="0" tests="11" time="2.116" timestamp="2026-03-15T05:22:37.701452+00:00" hostname="agent-env-3d52a484-a13e-40c4-8891-0b83b7f0cac9"><testcase classname="backend.tests.test_iteration61_manual_payment.TestSettingsAPI" name="test_settings_returns_india_platform_charge" time="0.201" /><testcase classname="backend.tests.test_iteration61_manual_payment.TestSettingsAPI" name="test_settings_returns_india_gst_percent" time="0.138" /><testcase classname="backend.tests.test_iteration61_manual_payment.TestSettingsAPI" name="test_settings_returns_india_alt_discount" time="0.115" /><testcase classname="backend.tests.test_iteration61_manual_payment.TestProgramsAPI" name="test_programs_list" time="0.144" /><testcase classname="backend.tests.test_iteration61_manual_payment.TestProgramsAPI" name="test_upcoming_program_exists" time="0.144" /><testcase classname="backend.tests.test_iteration61_manual_payment.TestIndiaPaymentProofSubmission" name="test_submit_proof_requires_enrollment" time="0.229" /><testcase classname="backend.tests.test_iteration61_manual_payment.TestIndiaPaymentProofSubmission" name="test_submit_proof_endpoint_exists" time="0.208" /><testcase classname="backend.tests.test_iteration61_manual_payment.TestAdminIndiaPayments" name="test_admin_list_proofs" time="0.110" /><testcase classname="backend.tests.test_iteration61_manual_payment.TestPricingCalculation" name="test_pricing_formula" time="0.144" /><testcase classname="backend.tests.test_iteration61_manual_payment.TestReceiptTemplate" name="test_settings_supports_receipt_template" time="0.110" /><testcase classname="backend.tests.test_iteration61_manual_payment.TestReceiptTemplate" name="test_update_receipt_template_with_attachments" time="0.463" /></testsuite></testsuites>