<?xml version="1.0" encoding="utf-8"?><testsuites name="pytest tests"><testsuite name="pytest" errors="0" failures="0" skipped="0" tests="10" time="2.203" timestamp="2026-03-15T08:14:44.482623+00:00" hostname="agent-env-fbb975bc-07d1-4b74-a669-4af3d02b1668"><testcase classname="backend.tests.test_text_testimonials_style.TestTextTestimonialsStyle" name="test_get_settings_returns_text_testimonials_style" time="0.157" /><testcase classname="backend.tests.test_text_testimonials_style.TestTextTestimonialsStyle" name="test_update_text_testimonials_style" time="0.115" /><testcase classname="backend.tests.test_text_testimonials_style.TestTextTestimonialsStyle" name="test_style_persists_after_update" time="0.240" /><testcase classname="backend.tests.test_text_testimonials_style.TestTextTestimonialsStyle" name="test_style_with_different_fonts" time="0.363" /><testcase classname="backend.tests.test_text_testimonials_style.TestTextTestimonialsAPI" name="test_list_testimonials" time="0.108" /><testcase classname="backend.tests.test_text_testimonials_style.TestTextTestimonialsAPI" name="test_list_visible_testimonials" time="0.101" /><testcase classname="backend.tests.test_text_testimonials_style.TestTextTestimonialsAPI" name="test_create_testimonial" time="0.094" /><testcase classname="backend.tests.test_text_testimonials_style.TestTextTestimonialsAPI" name="test_update_testimonial" time="0.113" /><testcase classname="backend.tests.test_text_testimonials_style.TestTextTestimonialsAPI" name="test_delete_testimonial" time="0.196" /><testcase classname="backend.tests.test_text_testimonials_style.TestIntegration" name="test_full_workflow" time="0.610" /></testsuite></testsuites>