<?xml version="1.0" encoding="utf-8"?><testsuites name="pytest tests"><testsuite name="pytest" errors="0" failures="0" skipped="0" tests="14" time="2.962" timestamp="2026-03-11T21:24:39.675306+00:00" hostname="agent-env-783e0e55-7c61-407e-91df-94d8823aa62c"><testcase classname="backend.tests.test_iteration11_new_features.TestCurrencyDetection" name="test_currency_detect_endpoint" time="0.317" /><testcase classname="backend.tests.test_iteration11_new_features.TestCurrencyDetection" name="test_exchange_rates_endpoint" time="0.168" /><testcase classname="backend.tests.test_iteration11_new_features.TestPromoCodeValidation" name="test_validate_valid_percentage_code" time="0.171" /><testcase classname="backend.tests.test_iteration11_new_features.TestPromoCodeValidation" name="test_validate_valid_fixed_code" time="0.137" /><testcase classname="backend.tests.test_iteration11_new_features.TestPromoCodeValidation" name="test_validate_invalid_code" time="0.159" /><testcase classname="backend.tests.test_iteration11_new_features.TestPromoCodeValidation" name="test_validate_empty_code" time="0.152" /><testcase classname="backend.tests.test_iteration11_new_features.TestQuoteRequest" name="test_submit_quote_request" time="0.146" /><testcase classname="backend.tests.test_iteration11_new_features.TestQuoteRequest" name="test_submit_quote_request_missing_fields" time="0.176" /><testcase classname="backend.tests.test_iteration11_new_features.TestProgramDurationTiers" name="test_programs_have_duration_tiers" time="0.163" /><testcase classname="backend.tests.test_iteration11_new_features.TestProgramDurationTiers" name="test_single_program_has_tiers" time="0.142" /><testcase classname="backend.tests.test_iteration11_new_features.TestEnrollmentFlow" name="test_enrollment_start" time="0.236" /><testcase classname="backend.tests.test_iteration11_new_features.TestEnrollmentFlow" name="test_enrollment_send_otp" time="0.312" /><testcase classname="backend.tests.test_iteration11_new_features.TestEnrollmentFlow" name="test_enrollment_verify_otp" time="0.467" /><testcase classname="backend.tests.test_iteration11_new_features.TestSupportedCurrencies" name="test_supported_currencies" time="0.131" /></testsuite></testsuites>