<?xml version="1.0" encoding="utf-8"?><testsuites name="pytest tests"><testsuite name="pytest" errors="0" failures="0" skipped="0" tests="13" time="4.222" timestamp="2026-03-12T08:36:09.992800+00:00" hostname="agent-env-68fa9d6f-fcd3-489b-91ba-f3808bb6f6a7"><testcase classname="backend.tests.test_iteration21_about_sections.TestSettingsAboutFields" name="test_settings_returns_about_philosophy" time="0.236" /><testcase classname="backend.tests.test_iteration21_about_sections.TestSettingsAboutFields" name="test_settings_returns_about_impact" time="0.104" /><testcase classname="backend.tests.test_iteration21_about_sections.TestSettingsAboutFields" name="test_settings_returns_about_mission" time="0.109" /><testcase classname="backend.tests.test_iteration21_about_sections.TestSettingsAboutFields" name="test_settings_returns_about_vision" time="0.117" /><testcase classname="backend.tests.test_iteration21_about_sections.TestSettingsAboutFields" name="test_update_settings_about_fields" time="0.461" /><testcase classname="backend.tests.test_iteration21_about_sections.TestProgramContentSections" name="test_program_returns_content_sections" time="0.175" /><testcase classname="backend.tests.test_iteration21_about_sections.TestProgramContentSections" name="test_program_1_has_content_section" time="0.116" /><testcase classname="backend.tests.test_iteration21_about_sections.TestProgramContentSections" name="test_content_section_type_options" time="1.352" /><testcase classname="backend.tests.test_iteration21_about_sections.TestProgramContentSections" name="test_content_section_image_url" time="0.298" /><testcase classname="backend.tests.test_iteration21_about_sections.TestProgramContentSections" name="test_content_section_font_styling" time="0.297" /><testcase classname="backend.tests.test_iteration21_about_sections.TestProgramContentSections" name="test_restore_program_1_section" time="0.195" /><testcase classname="backend.tests.test_iteration21_about_sections.TestSettingsAboutImage" name="test_settings_returns_about_image" time="0.105" /><testcase classname="backend.tests.test_iteration21_about_sections.TestProgramDefaults" name="test_program_without_sections_returns_empty_array" time="0.539" /></testsuite></testsuites>