<?xml version="1.0" encoding="utf-8"?><testsuites name="pytest tests"><testsuite name="pytest" errors="0" failures="0" skipped="0" tests="21" time="5.725" timestamp="2026-03-15T02:03:58.353451+00:00" hostname="agent-env-fa2a1f43-b8f3-4ffd-8e9f-0f02ab7c5364"><testcase classname="backend.tests.test_iteration58_inbox.TestInboxCounts" name="test_get_counts_returns_200" time="0.257" /><testcase classname="backend.tests.test_iteration58_inbox.TestInboxCounts" name="test_counts_has_required_fields" time="0.274" /><testcase classname="backend.tests.test_iteration58_inbox.TestInboxContacts" name="test_get_contacts_returns_200" time="0.142" /><testcase classname="backend.tests.test_iteration58_inbox.TestInboxContacts" name="test_contacts_returns_list" time="0.110" /><testcase classname="backend.tests.test_iteration58_inbox.TestInboxContacts" name="test_contacts_filter_by_status" time="0.104" /><testcase classname="backend.tests.test_iteration58_inbox.TestInboxInterests" name="test_get_interests_returns_200" time="0.103" /><testcase classname="backend.tests.test_iteration58_inbox.TestInboxInterests" name="test_interests_returns_list" time="0.118" /><testcase classname="backend.tests.test_iteration58_inbox.TestInboxQuestions" name="test_get_questions_returns_200" time="0.143" /><testcase classname="backend.tests.test_iteration58_inbox.TestInboxQuestions" name="test_questions_returns_list" time="0.101" /><testcase classname="backend.tests.test_iteration58_inbox.TestInboxQuestions" name="test_questions_filter_by_status" time="0.106" /><testcase classname="backend.tests.test_iteration58_inbox.TestInboxStatusUpdate" name="test_update_contact_status" time="0.243" /><testcase classname="backend.tests.test_iteration58_inbox.TestInboxStatusUpdate" name="test_update_nonexistent_contact_status" time="0.101" /><testcase classname="backend.tests.test_iteration58_inbox.TestInboxStatusUpdate" name="test_update_interest_status" time="0.247" /><testcase classname="backend.tests.test_iteration58_inbox.TestInboxDelete" name="test_delete_nonexistent_contact" time="0.137" /><testcase classname="backend.tests.test_iteration58_inbox.TestInboxDelete" name="test_delete_nonexistent_interest" time="0.122" /><testcase classname="backend.tests.test_iteration58_inbox.TestInboxReply" name="test_reply_invalid_collection" time="0.098" /><testcase classname="backend.tests.test_iteration58_inbox.TestInboxReply" name="test_reply_nonexistent_item" time="0.113" /><testcase classname="backend.tests.test_iteration58_inbox.TestInboxReply" name="test_reply_endpoint_exists" time="2.337" /><testcase classname="backend.tests.test_iteration58_inbox.TestInboxDataIntegrity" name="test_contacts_count_matches_items" time="0.224" /><testcase classname="backend.tests.test_iteration58_inbox.TestInboxDataIntegrity" name="test_interests_count_matches_items" time="0.282" /><testcase classname="backend.tests.test_iteration58_inbox.TestInboxDataIntegrity" name="test_questions_count_matches_items" time="0.253" /></testsuite></testsuites>