<?xml version="1.0" encoding="utf-8"?><testsuites name="pytest tests"><testsuite name="pytest" errors="0" failures="0" skipped="0" tests="20" time="4.314" timestamp="2026-03-15T02:42:47.464898+00:00" hostname="agent-env-fa2a1f43-b8f3-4ffd-8e9f-0f02ab7c5364"><testcase classname="backend.tests.test_iteration59_clients.TestClientsStats" name="test_get_stats_success" time="0.264" /><testcase classname="backend.tests.test_iteration59_clients.TestClientsStats" name="test_stats_has_label_counts" time="0.103" /><testcase classname="backend.tests.test_iteration59_clients.TestClientsList" name="test_get_clients_success" time="0.145" /><testcase classname="backend.tests.test_iteration59_clients.TestClientsList" name="test_client_has_required_fields" time="0.121" /><testcase classname="backend.tests.test_iteration59_clients.TestClientsList" name="test_filter_by_label_dew" time="0.119" /><testcase classname="backend.tests.test_iteration59_clients.TestClientsList" name="test_filter_by_label_seed" time="0.108" /><testcase classname="backend.tests.test_iteration59_clients.TestClientsList" name="test_filter_by_label_bloom" time="0.113" /><testcase classname="backend.tests.test_iteration59_clients.TestClientsList" name="test_search_by_name" time="0.233" /><testcase classname="backend.tests.test_iteration59_clients.TestClientsList" name="test_search_by_email" time="0.239" /><testcase classname="backend.tests.test_iteration59_clients.TestClientSync" name="test_sync_endpoint_success" time="0.173" /><testcase classname="backend.tests.test_iteration59_clients.TestClientUpdateDelete" name="test_update_client_notes" time="0.475" /><testcase classname="backend.tests.test_iteration59_clients.TestClientUpdateDelete" name="test_update_client_label_manual" time="0.458" /><testcase classname="backend.tests.test_iteration59_clients.TestClientUpdateDelete" name="test_update_nonexistent_client_404" time="0.115" /><testcase classname="backend.tests.test_iteration59_clients.TestClientUpdateDelete" name="test_get_single_client" time="0.225" /><testcase classname="backend.tests.test_iteration59_clients.TestClientUpdateDelete" name="test_get_nonexistent_client_404" time="0.101" /><testcase classname="backend.tests.test_iteration59_clients.TestClientUpdateDelete" name="test_delete_nonexistent_client_404" time="0.141" /><testcase classname="backend.tests.test_iteration59_clients.TestClientExport" name="test_export_csv_success" time="0.113" /><testcase classname="backend.tests.test_iteration59_clients.TestClientDataValidation" name="test_stats_total_matches_list_count" time="0.291" /><testcase classname="backend.tests.test_iteration59_clients.TestClientDataValidation" name="test_label_counts_match_filtered_counts" time="0.547" /><testcase classname="backend.tests.test_iteration59_clients.TestClientDataValidation" name="test_clients_have_valid_labels" time="0.121" /></testsuite></testsuites>